TN:
SF:src/advanced.js
FN:2,pow
FN:6,modulo
FNF:2
FNH:2
FNDA:11,pow
FNDA:15,modulo
DA:3,11
DA:7,15
DA:8,13
DA:10,2
DA:14,1
LF:5
LH:5
BRDA:7,0,0,13
BRDA:7,0,1,2
BRF:2
BRH:2
end_of_record
TN:
SF:src/basic.js
FN:1,add
FN:5,subtract
FN:9,multiply
FN:13,divide
FNF:4
FNH:4
FNDA:8,add
FNDA:8,subtract
FNDA:8,multiply
FNDA:8,divide
DA:2,8
DA:6,8
DA:10,8
DA:14,8
DA:19,1
LF:5
LH:5
BRF:0
BRH:0
end_of_record
TN:
SF:src/insertionSort.js
FN:3,insertionSort
FNF:1
FNH:1
FNDA:5,insertionSort
DA:4,5
DA:6,5
DA:7,12
DA:8,12
DA:11,12
DA:12,13
DA:13,13
DA:17,12
DA:20,5
DA:23,1
LF:10
LH:10
BRDA:11,0,0,25
BRDA:11,0,1,21
BRF:2
BRH:2
end_of_record
TN:
SF:src/selectionSort.js
FN:3,selectionSort
FNF:1
FNH:1
FNDA:5,selectionSort
DA:4,5
DA:6,5
DA:7,12
DA:10,12
DA:11,30
DA:12,9
DA:17,12
DA:18,7
DA:19,7
DA:20,7
DA:24,5
DA:27,1
LF:12
LH:12
BRDA:11,0,0,9
BRDA:11,0,1,21
BRDA:17,1,0,7
BRDA:17,1,1,5
BRF:4
BRH:4
end_of_record
